2026-05-02 12:48:32,123 | INFO | event=request_received job_id=int-job-001 spec_version=v0.5 nonce=00112233445566778899aabb status=started reason=
2026-05-02 12:48:32,124 | INFO | event=request_accepted job_id=int-job-001 spec_version=v0.5 nonce=00112233445566778899aabb status=success reason=result_returned
2026-05-02 12:48:32,126 | INFO | event=request_received job_id=int-job-002 spec_version=v0.5 nonce=111122223333444455556666 status=started reason=
2026-05-02 12:48:32,126 | INFO | event=request_accepted job_id=int-job-002 spec_version=v0.5 nonce=111122223333444455556666 status=success reason=result_returned
2026-05-02 12:48:32,127 | INFO | event=request_received job_id=int-job-002 spec_version=v0.5 nonce=111122223333444455556666 status=started reason=
2026-05-02 12:48:32,127 | INFO | event=replay_detected job_id=int-job-002 spec_version=v0.5 nonce=111122223333444455556666 status=error reason=duplicate_nonce_or_job_id
2026-05-02 12:48:32,129 | INFO | event=request_received job_id=int-job-003 spec_version=v0.5 nonce=abcdefabcdefabcdefabcdef status=started reason=
2026-05-02 12:48:32,130 | INFO | event=request_rejected job_id=int-job-003 spec_version=v0.5 nonce=abcdefabcdefabcdefabcdef status=error reason=auth_failed_or_tampered
2026-05-02 12:48:32,132 | INFO | event=request_received job_id=int-job-004 spec_version=v0.4 nonce=999988887777666655554444 status=started reason=
2026-05-02 12:48:32,132 | INFO | event=request_rejected job_id=int-job-004 spec_version=v0.4 nonce=999988887777666655554444 status=error reason=unsupported_version
2026-05-02 12:48:32,134 | INFO | event=request_received job_id=int-job-005 spec_version=v0.5 nonce=1234567890abcdef12345678 status=started reason=
2026-05-02 12:48:32,135 | INFO | event=request_accepted job_id=int-job-005 spec_version=v0.5 nonce=1234567890abcdef12345678 status=success reason=result_returned
2026-05-02 12:48:32,135 | INFO | event=request_received job_id=int-job-006 spec_version=v0.5 nonce=1234567890abcdef12345678 status=started reason=
2026-05-02 12:48:32,135 | INFO | event=replay_detected job_id=int-job-006 spec_version=v0.5 nonce=1234567890abcdef12345678 status=error reason=duplicate_nonce_or_job_id
2026-05-02 12:48:32,148 | INFO | event=request_received job_id=regression-job-001 spec_version=v0.5 nonce=abcdefabcdefabcdefabcdef status=started reason=
2026-05-02 12:48:32,148 | INFO | event=request_accepted job_id=regression-job-001 spec_version=v0.5 nonce=abcdefabcdefabcdefabcdef status=success reason=result_returned
2026-05-02 12:48:32,148 | INFO | event=request_received job_id=regression-job-001 spec_version=v0.5 nonce=abcdefabcdefabcdefabcdef status=started reason=
2026-05-02 12:48:32,148 | INFO | event=replay_detected job_id=regression-job-001 spec_version=v0.5 nonce=abcdefabcdefabcdefabcdef status=error reason=duplicate_nonce_or_job_id
2026-05-02 12:48:32,151 | INFO | event=request_received job_id=old-job spec_version=v0.5 nonce=1234567890abcdef12345678 status=started reason=
2026-05-02 12:48:32,151 | INFO | event=request_rejected job_id=old-job spec_version=v0.5 nonce=1234567890abcdef12345678 status=error reason=stale_or_future_timestamp
2026-05-02 12:48:32,154 | INFO | event=request_received job_id=future-job spec_version=v0.5 nonce=abcdefabcdefabcdefabcdef status=started reason=
2026-05-02 12:48:32,154 | INFO | event=request_rejected job_id=future-job spec_version=v0.5 nonce=abcdefabcdefabcdefabcdef status=error reason=stale_or_future_timestamp
2026-05-02 12:48:32,296 | INFO | event=request_received job_id=large-payload-job spec_version=v0.5 nonce=555555555555555555555555 status=started reason=
2026-05-02 12:48:32,297 | INFO | event=request_rejected job_id=large-payload-job spec_version=v0.5 nonce=555555555555555555555555 status=error reason=payload_too_large
2026-05-02 12:48:32,298 | INFO | event=request_received job_id=regression-replay-job spec_version=v0.5 nonce=666666666666666666666666 status=started reason=
2026-05-02 12:48:32,299 | INFO | event=request_accepted job_id=regression-replay-job spec_version=v0.5 nonce=666666666666666666666666 status=success reason=result_returned
2026-05-02 12:48:32,299 | INFO | event=request_received job_id=regression-replay-job spec_version=v0.5 nonce=666666666666666666666666 status=started reason=
2026-05-02 12:48:32,299 | INFO | event=replay_detected job_id=regression-replay-job spec_version=v0.5 nonce=666666666666666666666666 status=error reason=duplicate_nonce_or_job_id
2026-05-02 12:48:32,301 | INFO | event=request_received job_id=job-1 spec_version=v0.5 nonce=e0cbbfd5c6dac7a9946ed2d4 status=started reason=
2026-05-02 12:48:32,302 | INFO | event=request_accepted job_id=job-1 spec_version=v0.5 nonce=e0cbbfd5c6dac7a9946ed2d4 status=success reason=result_returned
2026-05-02 12:48:32,304 | INFO | event=request_received job_id=job-1 spec_version=v0.5 nonce=229839bf01e8a4310382e95e status=started reason=
2026-05-02 12:48:32,304 | INFO | event=request_accepted job_id=job-1 spec_version=v0.5 nonce=229839bf01e8a4310382e95e status=success reason=result_returned
2026-05-02 12:48:32,304 | INFO | event=request_received job_id=job-1 spec_version=v0.5 nonce=229839bf01e8a4310382e95e status=started reason=
2026-05-02 12:48:32,304 | INFO | event=replay_detected job_id=job-1 spec_version=v0.5 nonce=229839bf01e8a4310382e95e status=error reason=duplicate_nonce_or_job_id
2026-05-02 12:48:32,306 | INFO | event=request_received job_id=job-1 spec_version=v0.5 nonce=5ddead4ef18b609f8a1d33a1 status=started reason=
2026-05-02 12:48:32,306 | INFO | event=request_rejected job_id=job-1 spec_version=v0.5 nonce=5ddead4ef18b609f8a1d33a1 status=error reason=auth_failed_or_tampered
2026-05-02 12:48:32,308 | INFO | event=request_received job_id=job-1 spec_version=v0.5 nonce=d0bca4131e342a9277143809 status=started reason=
2026-05-02 12:48:32,308 | INFO | event=request_rejected job_id=job-1 spec_version=v0.5 nonce=d0bca4131e342a9277143809 status=error reason=unsupported_circuit
2026-05-02 12:48:32,310 | INFO | event=request_received job_id=job-1 spec_version=v0.5 nonce=bd71586b98154039e8a5abc2 status=started reason=
2026-05-02 12:48:32,310 | INFO | event=request_rejected job_id=job-1 spec_version=v0.5 nonce=bd71586b98154039e8a5abc2 status=error reason=invalid_format
2026-05-02 12:49:55,089 | INFO | event=request_received job_id=int-job-001 spec_version=v0.5 nonce=00112233445566778899aabb status=started reason=
2026-05-02 12:49:55,090 | INFO | event=request_accepted job_id=int-job-001 spec_version=v0.5 nonce=00112233445566778899aabb status=success reason=result_returned
2026-05-02 12:49:55,092 | INFO | event=request_received job_id=int-job-002 spec_version=v0.5 nonce=111122223333444455556666 status=started reason=
2026-05-02 12:49:55,093 | INFO | event=request_accepted job_id=int-job-002 spec_version=v0.5 nonce=111122223333444455556666 status=success reason=result_returned
2026-05-02 12:49:55,093 | INFO | event=request_received job_id=int-job-002 spec_version=v0.5 nonce=111122223333444455556666 status=started reason=
2026-05-02 12:49:55,093 | INFO | event=replay_detected job_id=int-job-002 spec_version=v0.5 nonce=111122223333444455556666 status=error reason=duplicate_nonce_or_job_id
2026-05-02 12:49:55,097 | INFO | event=request_received job_id=int-job-003 spec_version=v0.5 nonce=abcdefabcdefabcdefabcdef status=started reason=
2026-05-02 12:49:55,098 | INFO | event=request_rejected job_id=int-job-003 spec_version=v0.5 nonce=abcdefabcdefabcdefabcdef status=error reason=auth_failed_or_tampered
2026-05-02 12:49:55,100 | INFO | event=request_received job_id=int-job-004 spec_version=v0.4 nonce=999988887777666655554444 status=started reason=
2026-05-02 12:49:55,100 | INFO | event=request_rejected job_id=int-job-004 spec_version=v0.4 nonce=999988887777666655554444 status=error reason=unsupported_version
2026-05-02 12:49:55,102 | INFO | event=request_received job_id=int-job-005 spec_version=v0.5 nonce=1234567890abcdef12345678 status=started reason=
2026-05-02 12:49:55,103 | INFO | event=request_accepted job_id=int-job-005 spec_version=v0.5 nonce=1234567890abcdef12345678 status=success reason=result_returned
2026-05-02 12:49:55,104 | INFO | event=request_received job_id=int-job-006 spec_version=v0.5 nonce=1234567890abcdef12345678 status=started reason=
2026-05-02 12:49:55,104 | INFO | event=replay_detected job_id=int-job-006 spec_version=v0.5 nonce=1234567890abcdef12345678 status=error reason=duplicate_nonce_or_job_id
2026-05-02 12:49:55,114 | INFO | event=request_received job_id=regression-job-001 spec_version=v0.5 nonce=abcdefabcdefabcdefabcdef status=started reason=
2026-05-02 12:49:55,114 | INFO | event=request_accepted job_id=regression-job-001 spec_version=v0.5 nonce=abcdefabcdefabcdefabcdef status=success reason=result_returned
2026-05-02 12:49:55,114 | INFO | event=request_received job_id=regression-job-001 spec_version=v0.5 nonce=abcdefabcdefabcdefabcdef status=started reason=
2026-05-02 12:49:55,114 | INFO | event=replay_detected job_id=regression-job-001 spec_version=v0.5 nonce=abcdefabcdefabcdefabcdef status=error reason=duplicate_nonce_or_job_id
2026-05-02 12:49:55,116 | INFO | event=request_received job_id=old-job spec_version=v0.5 nonce=1234567890abcdef12345678 status=started reason=
2026-05-02 12:49:55,116 | INFO | event=request_rejected job_id=old-job spec_version=v0.5 nonce=1234567890abcdef12345678 status=error reason=stale_or_future_timestamp
2026-05-02 12:49:55,118 | INFO | event=request_received job_id=future-job spec_version=v0.5 nonce=abcdefabcdefabcdefabcdef status=started reason=
2026-05-02 12:49:55,118 | INFO | event=request_rejected job_id=future-job spec_version=v0.5 nonce=abcdefabcdefabcdefabcdef status=error reason=stale_or_future_timestamp
2026-05-02 12:49:55,240 | INFO | event=request_received job_id=large-payload-job spec_version=v0.5 nonce=555555555555555555555555 status=started reason=
2026-05-02 12:49:55,240 | INFO | event=request_rejected job_id=large-payload-job spec_version=v0.5 nonce=555555555555555555555555 status=error reason=payload_too_large
2026-05-02 12:49:55,242 | INFO | event=request_received job_id=regression-replay-job spec_version=v0.5 nonce=666666666666666666666666 status=started reason=
2026-05-02 12:49:55,242 | INFO | event=request_accepted job_id=regression-replay-job spec_version=v0.5 nonce=666666666666666666666666 status=success reason=result_returned
2026-05-02 12:49:55,242 | INFO | event=request_received job_id=regression-replay-job spec_version=v0.5 nonce=666666666666666666666666 status=started reason=
2026-05-02 12:49:55,242 | INFO | event=replay_detected job_id=regression-replay-job spec_version=v0.5 nonce=666666666666666666666666 status=error reason=duplicate_nonce_or_job_id
2026-05-02 12:49:55,244 | INFO | event=request_received job_id=job-1 spec_version=v0.5 nonce=1382422538534740113d72a5 status=started reason=
2026-05-02 12:49:55,244 | INFO | event=request_accepted job_id=job-1 spec_version=v0.5 nonce=1382422538534740113d72a5 status=success reason=result_returned
2026-05-02 12:49:55,246 | INFO | event=request_received job_id=job-1 spec_version=v0.5 nonce=5451a49396a0a043cd25128f status=started reason=
2026-05-02 12:49:55,246 | INFO | event=request_accepted job_id=job-1 spec_version=v0.5 nonce=5451a49396a0a043cd25128f status=success reason=result_returned
2026-05-02 12:49:55,247 | INFO | event=request_received job_id=job-1 spec_version=v0.5 nonce=5451a49396a0a043cd25128f status=started reason=
2026-05-02 12:49:55,247 | INFO | event=replay_detected job_id=job-1 spec_version=v0.5 nonce=5451a49396a0a043cd25128f status=error reason=duplicate_nonce_or_job_id
2026-05-02 12:49:55,248 | INFO | event=request_received job_id=job-1 spec_version=v0.5 nonce=05732d0df91d14390dea3185 status=started reason=
2026-05-02 12:49:55,248 | INFO | event=request_rejected job_id=job-1 spec_version=v0.5 nonce=05732d0df91d14390dea3185 status=error reason=auth_failed_or_tampered
2026-05-02 12:49:55,250 | INFO | event=request_received job_id=job-1 spec_version=v0.5 nonce=8dc2bdc9c1650a0f648fa27e status=started reason=
2026-05-02 12:49:55,251 | INFO | event=request_rejected job_id=job-1 spec_version=v0.5 nonce=8dc2bdc9c1650a0f648fa27e status=error reason=unsupported_circuit
2026-05-02 12:49:55,252 | INFO | event=request_received job_id=job-1 spec_version=v0.5 nonce=385097fedbb4f55dc885384f status=started reason=
2026-05-02 12:49:55,253 | INFO | event=request_rejected job_id=job-1 spec_version=v0.5 nonce=385097fedbb4f55dc885384f status=error reason=invalid_format
2026-05-02 12:50:10,075 | INFO | event=request_received job_id=int-job-001 spec_version=v0.5 nonce=00112233445566778899aabb status=started reason=
2026-05-02 12:50:10,075 | INFO | event=request_accepted job_id=int-job-001 spec_version=v0.5 nonce=00112233445566778899aabb status=success reason=result_returned
2026-05-02 12:50:10,077 | INFO | event=request_received job_id=int-job-002 spec_version=v0.5 nonce=111122223333444455556666 status=started reason=
2026-05-02 12:50:10,078 | INFO | event=request_accepted job_id=int-job-002 spec_version=v0.5 nonce=111122223333444455556666 status=success reason=result_returned
2026-05-02 12:50:10,078 | INFO | event=request_received job_id=int-job-002 spec_version=v0.5 nonce=111122223333444455556666 status=started reason=
2026-05-02 12:50:10,078 | INFO | event=replay_detected job_id=int-job-002 spec_version=v0.5 nonce=111122223333444455556666 status=error reason=duplicate_nonce_or_job_id
2026-05-02 12:50:10,081 | INFO | event=request_received job_id=int-job-003 spec_version=v0.5 nonce=abcdefabcdefabcdefabcdef status=started reason=
2026-05-02 12:50:10,082 | INFO | event=request_rejected job_id=int-job-003 spec_version=v0.5 nonce=abcdefabcdefabcdefabcdef status=error reason=auth_failed_or_tampered
2026-05-02 12:50:10,084 | INFO | event=request_received job_id=int-job-004 spec_version=v0.4 nonce=999988887777666655554444 status=started reason=
2026-05-02 12:50:10,084 | INFO | event=request_rejected job_id=int-job-004 spec_version=v0.4 nonce=999988887777666655554444 status=error reason=unsupported_version
2026-05-02 12:50:10,088 | INFO | event=request_received job_id=int-job-005 spec_version=v0.5 nonce=1234567890abcdef12345678 status=started reason=
2026-05-02 12:50:10,088 | INFO | event=request_accepted job_id=int-job-005 spec_version=v0.5 nonce=1234567890abcdef12345678 status=success reason=result_returned
2026-05-02 12:50:10,089 | INFO | event=request_received job_id=int-job-006 spec_version=v0.5 nonce=1234567890abcdef12345678 status=started reason=
2026-05-02 12:50:10,089 | INFO | event=replay_detected job_id=int-job-006 spec_version=v0.5 nonce=1234567890abcdef12345678 status=error reason=duplicate_nonce_or_job_id
2026-05-02 12:50:10,100 | INFO | event=request_received job_id=regression-job-001 spec_version=v0.5 nonce=abcdefabcdefabcdefabcdef status=started reason=
2026-05-02 12:50:10,100 | INFO | event=request_accepted job_id=regression-job-001 spec_version=v0.5 nonce=abcdefabcdefabcdefabcdef status=success reason=result_returned
2026-05-02 12:50:10,101 | INFO | event=request_received job_id=regression-job-001 spec_version=v0.5 nonce=abcdefabcdefabcdefabcdef status=started reason=
2026-05-02 12:50:10,101 | INFO | event=replay_detected job_id=regression-job-001 spec_version=v0.5 nonce=abcdefabcdefabcdefabcdef status=error reason=duplicate_nonce_or_job_id
2026-05-02 12:50:10,104 | INFO | event=request_received job_id=old-job spec_version=v0.5 nonce=1234567890abcdef12345678 status=started reason=
2026-05-02 12:50:10,104 | INFO | event=request_rejected job_id=old-job spec_version=v0.5 nonce=1234567890abcdef12345678 status=error reason=stale_or_future_timestamp
2026-05-02 12:50:10,106 | INFO | event=request_received job_id=future-job spec_version=v0.5 nonce=abcdefabcdefabcdefabcdef status=started reason=
2026-05-02 12:50:10,107 | INFO | event=request_rejected job_id=future-job spec_version=v0.5 nonce=abcdefabcdefabcdefabcdef status=error reason=stale_or_future_timestamp
2026-05-02 12:50:10,109 | INFO | event=request_received job_id=bad-nonce-job spec_version=v0.5 nonce=not-a-valid-nonce status=started reason=
2026-05-02 12:50:10,109 | INFO | event=request_rejected job_id=bad-nonce-job spec_version=v0.5 nonce=not-a-valid-nonce status=error reason=invalid_nonce
2026-05-02 12:50:10,111 | INFO | event=request_received job_id=large-payload-job spec_version=v0.5 nonce=555555555555555555555555 status=started reason=
2026-05-02 12:50:10,112 | INFO | event=request_rejected job_id=large-payload-job spec_version=v0.5 nonce=555555555555555555555555 status=error reason=payload_too_large
2026-05-02 12:50:10,114 | INFO | event=request_received job_id=regression-replay-job spec_version=v0.5 nonce=666666666666666666666666 status=started reason=
2026-05-02 12:50:10,115 | INFO | event=request_accepted job_id=regression-replay-job spec_version=v0.5 nonce=666666666666666666666666 status=success reason=result_returned
2026-05-02 12:50:10,115 | INFO | event=request_received job_id=regression-replay-job spec_version=v0.5 nonce=666666666666666666666666 status=started reason=
2026-05-02 12:50:10,115 | INFO | event=replay_detected job_id=regression-replay-job spec_version=v0.5 nonce=666666666666666666666666 status=error reason=duplicate_nonce_or_job_id
2026-05-02 12:50:10,117 | INFO | event=request_received job_id=job-1 spec_version=v0.5 nonce=c2ddb9388ef6d4a9e5cb89c5 status=started reason=
2026-05-02 12:50:10,117 | INFO | event=request_accepted job_id=job-1 spec_version=v0.5 nonce=c2ddb9388ef6d4a9e5cb89c5 status=success reason=result_returned
2026-05-02 12:50:10,119 | INFO | event=request_received job_id=job-1 spec_version=v0.5 nonce=ddb66343f71c2d2c3b2b2ba4 status=started reason=
2026-05-02 12:50:10,119 | INFO | event=request_accepted job_id=job-1 spec_version=v0.5 nonce=ddb66343f71c2d2c3b2b2ba4 status=success reason=result_returned
2026-05-02 12:50:10,119 | INFO | event=request_received job_id=job-1 spec_version=v0.5 nonce=ddb66343f71c2d2c3b2b2ba4 status=started reason=
2026-05-02 12:50:10,119 | INFO | event=replay_detected job_id=job-1 spec_version=v0.5 nonce=ddb66343f71c2d2c3b2b2ba4 status=error reason=duplicate_nonce_or_job_id
2026-05-02 12:50:10,121 | INFO | event=request_received job_id=job-1 spec_version=v0.5 nonce=f29229218054948dae7baaaf status=started reason=
2026-05-02 12:50:10,121 | INFO | event=request_rejected job_id=job-1 spec_version=v0.5 nonce=f29229218054948dae7baaaf status=error reason=auth_failed_or_tampered
2026-05-02 12:50:10,123 | INFO | event=request_received job_id=job-1 spec_version=v0.5 nonce=6ba11d2bd4c24e0ab284da56 status=started reason=
2026-05-02 12:50:10,123 | INFO | event=request_rejected job_id=job-1 spec_version=v0.5 nonce=6ba11d2bd4c24e0ab284da56 status=error reason=unsupported_circuit
2026-05-02 12:50:10,125 | INFO | event=request_received job_id=job-1 spec_version=v0.5 nonce=4c492fb0eb53e968e4a6aa57 status=started reason=
2026-05-02 12:50:10,125 | INFO | event=request_rejected job_id=job-1 spec_version=v0.5 nonce=4c492fb0eb53e968e4a6aa57 status=error reason=invalid_format
2026-05-02 12:50:21,840 | INFO | event=request_received job_id=demo-job-001 spec_version=v0.5 nonce=00112233445566778899aabb status=started reason=
2026-05-02 12:50:21,841 | INFO | event=request_accepted job_id=demo-job-001 spec_version=v0.5 nonce=00112233445566778899aabb status=success reason=result_returned
2026-05-02 12:50:21,841 | INFO | event=request_received job_id=demo-job-001 spec_version=v0.5 nonce=00112233445566778899aabb status=started reason=
2026-05-02 12:50:21,842 | INFO | event=replay_detected job_id=demo-job-001 spec_version=v0.5 nonce=00112233445566778899aabb status=error reason=duplicate_nonce_or_job_id
2026-05-02 12:50:21,842 | INFO | event=request_received job_id=demo-job-002 spec_version=v0.5 nonce=abcdefabcdefabcdefabcdef status=started reason=
2026-05-02 12:50:21,843 | INFO | event=request_rejected job_id=demo-job-002 spec_version=v0.5 nonce=abcdefabcdefabcdefabcdef status=error reason=auth_failed_or_tampered
2026-05-02 12:50:21,843 | INFO | event=request_received job_id=demo-job-003 spec_version=v0.4 nonce=999988887777666655554444 status=started reason=
2026-05-02 12:50:21,843 | INFO | event=request_rejected job_id=demo-job-003 spec_version=v0.4 nonce=999988887777666655554444 status=error reason=unsupported_version
2026-05-02 12:50:21,844 | INFO | event=request_received job_id=demo-job-004 spec_version=v0.5 nonce=1234567890abcdef12345678 status=started reason=
2026-05-02 12:50:21,845 | INFO | event=request_rejected job_id=demo-job-004 spec_version=v0.5 nonce=1234567890abcdef12345678 status=error reason=stale_or_future_timestamp
2026-05-02 12:51:15,739 | INFO | event=request_received job_id=demo-job-001 spec_version=v0.5 nonce=00112233445566778899aabb status=started reason=
2026-05-02 12:51:15,740 | INFO | event=request_accepted job_id=demo-job-001 spec_version=v0.5 nonce=00112233445566778899aabb status=success reason=result_returned
2026-05-02 12:51:15,741 | INFO | event=request_received job_id=demo-job-001 spec_version=v0.5 nonce=00112233445566778899aabb status=started reason=
2026-05-02 12:51:15,741 | INFO | event=replay_detected job_id=demo-job-001 spec_version=v0.5 nonce=00112233445566778899aabb status=error reason=duplicate_nonce_or_job_id
2026-05-02 12:51:15,741 | INFO | event=request_received job_id=demo-job-002 spec_version=v0.5 nonce=abcdefabcdefabcdefabcdef status=started reason=
2026-05-02 12:51:15,742 | INFO | event=request_rejected job_id=demo-job-002 spec_version=v0.5 nonce=abcdefabcdefabcdefabcdef status=error reason=auth_failed_or_tampered
2026-05-02 12:51:15,742 | INFO | event=request_received job_id=demo-job-003 spec_version=v0.4 nonce=999988887777666655554444 status=started reason=
2026-05-02 12:51:15,743 | INFO | event=request_rejected job_id=demo-job-003 spec_version=v0.4 nonce=999988887777666655554444 status=error reason=unsupported_version
2026-05-02 12:51:15,743 | INFO | event=request_received job_id=demo-job-004 spec_version=v0.5 nonce=1234567890abcdef12345678 status=started reason=
2026-05-02 12:51:15,743 | INFO | event=request_rejected job_id=demo-job-004 spec_version=v0.5 nonce=1234567890abcdef12345678 status=error reason=stale_or_future_timestamp
