2026-05-02 12:48:32,138 | INFO | event=request_received job_id=quantum-test-001 spec_version=v0.5 nonce=00112233445566778899aabb encryption_mode=simulated-qotp status=started reason=
2026-05-02 12:48:32,138 | INFO | event=request_accepted job_id=quantum-test-001 spec_version=v0.5 nonce=00112233445566778899aabb encryption_mode=simulated-qotp status=success reason=result_returned
2026-05-02 12:48:32,140 | INFO | event=request_received job_id=quantum-test-002 spec_version=v0.5 nonce=111122223333444455556666 encryption_mode=simulated-qotp status=started reason=
2026-05-02 12:48:32,140 | INFO | event=request_accepted job_id=quantum-test-002 spec_version=v0.5 nonce=111122223333444455556666 encryption_mode=simulated-qotp status=success reason=result_returned
2026-05-02 12:48:32,140 | INFO | event=request_received job_id=quantum-test-002 spec_version=v0.5 nonce=111122223333444455556666 encryption_mode=simulated-qotp status=started reason=
2026-05-02 12:48:32,140 | INFO | event=replay_detected job_id=quantum-test-002 spec_version=v0.5 nonce=111122223333444455556666 encryption_mode=simulated-qotp status=error reason=duplicate_nonce_or_job_id
2026-05-02 12:48:32,142 | INFO | event=request_received job_id=quantum-test-003 spec_version=v0.5 nonce=abcdefabcdefabcdefabcdef encryption_mode=simulated-qotp status=started reason=
2026-05-02 12:48:32,142 | INFO | event=request_rejected job_id=quantum-test-003 spec_version=v0.5 nonce=abcdefabcdefabcdefabcdef encryption_mode=simulated-qotp status=error reason=quantum_auth_failed_or_tampered
2026-05-02 12:48:32,145 | INFO | event=request_received job_id=quantum-test-004 spec_version=v0.5 nonce=999988887777666655554444 encryption_mode=aes-gcm status=started reason=
2026-05-02 12:48:32,145 | INFO | event=request_rejected job_id=quantum-test-004 spec_version=v0.5 nonce=999988887777666655554444 encryption_mode=aes-gcm status=error reason=unsupported_encryption_mode
2026-05-02 12:49:55,106 | INFO | event=request_received job_id=quantum-test-001 spec_version=v0.5 nonce=00112233445566778899aabb encryption_mode=simulated-qotp status=started reason=
2026-05-02 12:49:55,107 | INFO | event=request_accepted job_id=quantum-test-001 spec_version=v0.5 nonce=00112233445566778899aabb encryption_mode=simulated-qotp status=success reason=result_returned
2026-05-02 12:49:55,108 | INFO | event=request_received job_id=quantum-test-002 spec_version=v0.5 nonce=111122223333444455556666 encryption_mode=simulated-qotp status=started reason=
2026-05-02 12:49:55,108 | INFO | event=request_accepted job_id=quantum-test-002 spec_version=v0.5 nonce=111122223333444455556666 encryption_mode=simulated-qotp status=success reason=result_returned
2026-05-02 12:49:55,108 | INFO | event=request_received job_id=quantum-test-002 spec_version=v0.5 nonce=111122223333444455556666 encryption_mode=simulated-qotp status=started reason=
2026-05-02 12:49:55,109 | INFO | event=replay_detected job_id=quantum-test-002 spec_version=v0.5 nonce=111122223333444455556666 encryption_mode=simulated-qotp status=error reason=duplicate_nonce_or_job_id
2026-05-02 12:49:55,110 | INFO | event=request_received job_id=quantum-test-003 spec_version=v0.5 nonce=abcdefabcdefabcdefabcdef encryption_mode=simulated-qotp status=started reason=
2026-05-02 12:49:55,110 | INFO | event=request_rejected job_id=quantum-test-003 spec_version=v0.5 nonce=abcdefabcdefabcdefabcdef encryption_mode=simulated-qotp status=error reason=quantum_auth_failed_or_tampered
2026-05-02 12:49:55,112 | INFO | event=request_received job_id=quantum-test-004 spec_version=v0.5 nonce=999988887777666655554444 encryption_mode=aes-gcm status=started reason=
2026-05-02 12:49:55,112 | INFO | event=request_rejected job_id=quantum-test-004 spec_version=v0.5 nonce=999988887777666655554444 encryption_mode=aes-gcm status=error reason=unsupported_encryption_mode
2026-05-02 12:50:10,091 | INFO | event=request_received job_id=quantum-test-001 spec_version=v0.5 nonce=00112233445566778899aabb encryption_mode=simulated-qotp status=started reason=
2026-05-02 12:50:10,092 | INFO | event=request_accepted job_id=quantum-test-001 spec_version=v0.5 nonce=00112233445566778899aabb encryption_mode=simulated-qotp status=success reason=result_returned
2026-05-02 12:50:10,093 | INFO | event=request_received job_id=quantum-test-002 spec_version=v0.5 nonce=111122223333444455556666 encryption_mode=simulated-qotp status=started reason=
2026-05-02 12:50:10,093 | INFO | event=request_accepted job_id=quantum-test-002 spec_version=v0.5 nonce=111122223333444455556666 encryption_mode=simulated-qotp status=success reason=result_returned
2026-05-02 12:50:10,093 | INFO | event=request_received job_id=quantum-test-002 spec_version=v0.5 nonce=111122223333444455556666 encryption_mode=simulated-qotp status=started reason=
2026-05-02 12:50:10,093 | INFO | event=replay_detected job_id=quantum-test-002 spec_version=v0.5 nonce=111122223333444455556666 encryption_mode=simulated-qotp status=error reason=duplicate_nonce_or_job_id
2026-05-02 12:50:10,095 | INFO | event=request_received job_id=quantum-test-003 spec_version=v0.5 nonce=abcdefabcdefabcdefabcdef encryption_mode=simulated-qotp status=started reason=
2026-05-02 12:50:10,096 | INFO | event=request_rejected job_id=quantum-test-003 spec_version=v0.5 nonce=abcdefabcdefabcdefabcdef encryption_mode=simulated-qotp status=error reason=quantum_auth_failed_or_tampered
2026-05-02 12:50:10,098 | INFO | event=request_received job_id=quantum-test-004 spec_version=v0.5 nonce=999988887777666655554444 encryption_mode=aes-gcm status=started reason=
2026-05-02 12:50:10,098 | INFO | event=request_rejected job_id=quantum-test-004 spec_version=v0.5 nonce=999988887777666655554444 encryption_mode=aes-gcm status=error reason=unsupported_encryption_mode
2026-05-02 12:50:31,543 | INFO | event=request_received job_id=quantum-demo-job-001 spec_version=v0.5 nonce=00112233445566778899aabb encryption_mode=simulated-qotp status=started reason=
2026-05-02 12:50:31,544 | INFO | event=request_accepted job_id=quantum-demo-job-001 spec_version=v0.5 nonce=00112233445566778899aabb encryption_mode=simulated-qotp status=success reason=result_returned
2026-05-02 12:50:31,544 | INFO | event=request_received job_id=quantum-demo-job-001 spec_version=v0.5 nonce=00112233445566778899aabb encryption_mode=simulated-qotp status=started reason=
2026-05-02 12:50:31,545 | INFO | event=replay_detected job_id=quantum-demo-job-001 spec_version=v0.5 nonce=00112233445566778899aabb encryption_mode=simulated-qotp status=error reason=duplicate_nonce_or_job_id
2026-05-02 12:50:31,546 | INFO | event=request_received job_id=quantum-demo-job-002 spec_version=v0.5 nonce=abcdefabcdefabcdefabcdef encryption_mode=simulated-qotp status=started reason=
2026-05-02 12:50:31,546 | INFO | event=request_rejected job_id=quantum-demo-job-002 spec_version=v0.5 nonce=abcdefabcdefabcdefabcdef encryption_mode=simulated-qotp status=error reason=quantum_auth_failed_or_tampered
2026-05-02 12:50:31,547 | INFO | event=request_received job_id=quantum-demo-job-003 spec_version=v0.5 nonce=999988887777666655554444 encryption_mode=aes-gcm status=started reason=
2026-05-02 12:50:31,547 | INFO | event=request_rejected job_id=quantum-demo-job-003 spec_version=v0.5 nonce=999988887777666655554444 encryption_mode=aes-gcm status=error reason=unsupported_encryption_mode
2026-05-02 12:52:04,898 | INFO | event=request_received job_id=quantum-demo-job-001 spec_version=v0.5 nonce=00112233445566778899aabb encryption_mode=simulated-qotp status=started reason=
2026-05-02 12:52:04,899 | INFO | event=request_accepted job_id=quantum-demo-job-001 spec_version=v0.5 nonce=00112233445566778899aabb encryption_mode=simulated-qotp status=success reason=result_returned
2026-05-02 12:52:04,900 | INFO | event=request_received job_id=quantum-demo-job-001 spec_version=v0.5 nonce=00112233445566778899aabb encryption_mode=simulated-qotp status=started reason=
2026-05-02 12:52:04,900 | INFO | event=replay_detected job_id=quantum-demo-job-001 spec_version=v0.5 nonce=00112233445566778899aabb encryption_mode=simulated-qotp status=error reason=duplicate_nonce_or_job_id
2026-05-02 12:52:04,900 | INFO | event=request_received job_id=quantum-demo-job-002 spec_version=v0.5 nonce=abcdefabcdefabcdefabcdef encryption_mode=simulated-qotp status=started reason=
2026-05-02 12:52:04,901 | INFO | event=request_rejected job_id=quantum-demo-job-002 spec_version=v0.5 nonce=abcdefabcdefabcdefabcdef encryption_mode=simulated-qotp status=error reason=quantum_auth_failed_or_tampered
2026-05-02 12:52:04,901 | INFO | event=request_received job_id=quantum-demo-job-003 spec_version=v0.5 nonce=999988887777666655554444 encryption_mode=aes-gcm status=started reason=
2026-05-02 12:52:04,901 | INFO | event=request_rejected job_id=quantum-demo-job-003 spec_version=v0.5 nonce=999988887777666655554444 encryption_mode=aes-gcm status=error reason=unsupported_encryption_mode
